<?xml version="1.0" encoding="UTF-8"?>
<!-- Generated by org.testng.reporters.JUnitXMLReporter -->
<testsuite ignored="0" hostname="LTPC0K7AG1" failures="0" tests="3" name="TestSessionSuit" time="35.205" errors="0" timestamp="03 Oct 2019 14:23:07 GMT">
  <testcase classname="TestNg.sessionHandling2" name="chromeDriver1" time="12.287"/>
  <testcase classname="TestNg.sessionHandling2" name="chromeDriver2" time="11.703"/>
  <testcase classname="TestNg.sessionHandling2" name="chromeDriver3" time="11.171"/>
</testsuite> <!-- TestSessionSuit -->
